9.939758 4 FIFO
9.944271 6 FIFO
9.941489 5 FIFO
9.946692 0 FIFO
9.978711 3 FIFO
9.978414 7 FIFO
9.984573 2 FIFO
9.985549 1 FIFO
10.074666 9 FIFO
10.087411 8 FIFO
10.087452 10 FIFO
10.084116 11 FIFO
10.119472 14 FIFO
10.118936 15 FIFO
10.123148 13 FIFO
10.131097 12 FIFO
9.962633 16 FIFO
9.952552 17 FIFO
9.955275 18 FIFO
9.967445 19 FIFO
9.983585 22 FIFO
9.985871 23 FIFO
9.993572 20 FIFO
9.995667 21 FIFO
10.050627 25 FIFO
10.070287 24 FIFO
10.065376 26 FIFO
10.057899 27 FIFO
10.072902 29 FIFO
10.083967 28 FIFO
10.077958 30 FIFO
10.090211 31 FIFO
10.280539 32 FIFO
10.283690 33 FIFO
10.288638 34 FIFO
10.295525 35 FIFO
10.318600 37 FIFO
10.329593 36 FIFO
10.325068 38 FIFO
10.331328 39 FIFO
9.779067 40 FIFO
9.772940 42 FIFO
9.786949 41 FIFO
9.772384 43 FIFO
9.745951 45 FIFO
9.760095 44 FIFO
9.815307 46 FIFO
9.808558 47 FIFO
6.608653 48 FIFO
6.593430 49 FIFO
