9.785596 20 OTHER
9.735396 31 OTHER
9.738322 21 OTHER
9.736144 8 OTHER
9.735012 32 OTHER
9.742602 33 OTHER
9.782211 30 OTHER
9.775088 19 OTHER
9.785120 13 OTHER
9.669395 23 OTHER
9.686525 24 OTHER
9.667955 35 OTHER
9.759258 10 OTHER
9.668494 5 OTHER
9.691459 22 OTHER
9.696377 3 OTHER
9.673651 4 OTHER
9.694164 40 OTHER
9.667258 37 OTHER
9.689220 38 OTHER
9.692762 36 OTHER
9.737485 44 OTHER
9.681678 11 OTHER
9.789414 12 OTHER
9.692178 25 OTHER
9.688228 6 OTHER
9.686969 29 OTHER
9.691695 2 OTHER
9.697173 42 OTHER
9.695783 7 OTHER
9.707680 28 OTHER
9.701851 9 OTHER
9.690315 26 OTHER
9.703962 34 OTHER
9.696947 41 OTHER
9.715931 27 OTHER
9.703480 39 OTHER
9.710288 0 OTHER
9.731318 1 OTHER
9.710410 16 OTHER
9.752082 15 OTHER
9.715561 48 OTHER
9.727184 18 OTHER
9.731699 49 OTHER
9.688942 43 OTHER
9.679476 14 OTHER
9.732809 17 OTHER
9.712232 47 OTHER
9.717269 46 OTHER
9.727203 45 OTHER
