9.733983 2 BATCH
9.683002 5 BATCH
9.672881 38 BATCH
9.676813 34 BATCH
9.679394 37 BATCH
9.683150 16 BATCH
9.706065 7 BATCH
9.675390 13 BATCH
9.694001 36 BATCH
9.694300 20 BATCH
9.703585 17 BATCH
9.697221 1 BATCH
9.701772 18 BATCH
9.715925 40 BATCH
9.734217 21 BATCH
9.736274 42 BATCH
9.757049 43 BATCH
9.759403 39 BATCH
9.756120 6 BATCH
9.755698 19 BATCH
9.735850 22 BATCH
9.738089 32 BATCH
9.777019 41 BATCH
9.760993 35 BATCH
9.811905 25 BATCH
9.708768 45 BATCH
9.796262 11 BATCH
9.717308 30 BATCH
9.695623 23 BATCH
9.703907 48 BATCH
9.800062 10 BATCH
9.795696 0 BATCH
9.787038 33 BATCH
9.696994 47 BATCH
9.710438 8 BATCH
9.804512 4 BATCH
9.797568 28 BATCH
9.709441 24 BATCH
9.725648 15 BATCH
9.699551 29 BATCH
9.796246 31 BATCH
9.723735 12 BATCH
9.807473 27 BATCH
9.813691 3 BATCH
9.799409 9 BATCH
9.702424 46 BATCH
9.804065 14 BATCH
9.714035 44 BATCH
9.795182 26 BATCH
9.709599 49 BATCH
