9.698986 0 BATCH
9.730226 15 BATCH
9.728581 5 BATCH
9.699750 14 BATCH
9.730390 6 BATCH
9.692859 19 BATCH
9.701688 3 BATCH
9.734517 21 BATCH
9.697828 42 BATCH
9.729429 27 BATCH
9.702132 41 BATCH
9.765371 28 BATCH
9.800626 7 BATCH
9.799675 10 BATCH
9.770531 29 BATCH
9.803892 36 BATCH
9.763922 39 BATCH
9.763284 11 BATCH
9.798922 30 BATCH
9.771240 18 BATCH
9.767513 17 BATCH
9.763235 16 BATCH
9.802723 40 BATCH
9.800304 1 BATCH
9.758151 25 BATCH
9.685985 49 BATCH
9.685966 45 BATCH
9.752789 24 BATCH
9.758665 31 BATCH
9.683629 13 BATCH
9.688296 9 BATCH
9.736782 37 BATCH
9.750558 4 BATCH
9.748625 35 BATCH
9.683963 46 BATCH
9.745048 33 BATCH
9.742781 38 BATCH
9.686268 47 BATCH
9.686520 44 BATCH
9.686673 12 BATCH
9.684611 43 BATCH
9.684271 20 BATCH
9.751198 32 BATCH
9.684273 48 BATCH
9.679503 8 BATCH
9.677594 2 BATCH
9.727045 23 BATCH
9.742546 34 BATCH
9.699743 26 BATCH
9.697722 22 BATCH
