9.732565 7 FIFO
9.743801 6 FIFO
9.744426 5 FIFO
9.744961 4 FIFO
9.765979 2 FIFO
9.767006 3 FIFO
9.775912 0 FIFO
9.757014 1 FIFO
10.085921 8 FIFO
10.090846 9 FIFO
10.090162 11 FIFO
10.096265 10 FIFO
10.118443 12 FIFO
10.123668 13 FIFO
10.122885 15 FIFO
10.127905 14 FIFO
9.844620 16 FIFO
9.829815 18 FIFO
9.852789 17 FIFO
9.847677 19 FIFO
9.882622 20 FIFO
9.876954 21 FIFO
9.878448 23 FIFO
9.893160 22 FIFO
9.758715 24 FIFO
9.759553 25 FIFO
9.760186 27 FIFO
9.763991 26 FIFO
9.780379 29 FIFO
9.782673 28 FIFO
9.792008 30 FIFO
9.788428 31 FIFO
9.819767 32 FIFO
9.826730 33 FIFO
9.822433 34 FIFO
9.834611 35 FIFO
9.842135 36 FIFO
9.852317 37 FIFO
9.855019 38 FIFO
9.847496 39 FIFO
9.823393 40 FIFO
9.825100 41 FIFO
9.888183 42 FIFO
9.917167 43 FIFO
9.909437 44 FIFO
9.902779 45 FIFO
9.949811 46 FIFO
9.948711 47 FIFO
6.693438 48 FIFO
6.689229 49 FIFO
