9.694625 3 OTHER
9.692446 18 OTHER
9.693590 17 OTHER
9.677819 16 OTHER
9.686295 40 OTHER
9.670370 36 OTHER
9.689956 39 OTHER
9.687568 13 OTHER
9.673394 37 OTHER
9.676752 12 OTHER
9.670030 11 OTHER
9.676512 41 OTHER
9.724902 26 OTHER
9.726723 24 OTHER
9.724308 22 OTHER
9.724168 4 OTHER
9.733733 28 OTHER
9.737696 25 OTHER
9.759954 44 OTHER
9.768615 48 OTHER
9.770475 23 OTHER
9.770287 49 OTHER
9.760800 19 OTHER
9.762853 1 OTHER
9.773124 2 OTHER
9.773837 6 OTHER
9.766769 7 OTHER
9.770947 5 OTHER
9.779205 8 OTHER
9.771698 46 OTHER
9.758825 38 OTHER
9.729674 9 OTHER
9.770723 20 OTHER
9.780219 43 OTHER
9.735014 30 OTHER
9.792063 21 OTHER
9.753953 33 OTHER
9.729452 14 OTHER
9.735019 31 OTHER
9.735130 29 OTHER
9.774602 27 OTHER
9.771276 47 OTHER
9.741606 32 OTHER
9.721669 15 OTHER
9.736198 10 OTHER
9.738255 34 OTHER
9.737145 35 OTHER
9.728952 42 OTHER
9.711464 0 OTHER
9.782579 45 OTHER
