9.672552 1 OTHER
9.686409 10 OTHER
9.692924 11 OTHER
9.668921 49 OTHER
9.682666 0 OTHER
9.700888 48 OTHER
9.669933 23 OTHER
9.671132 25 OTHER
9.669289 42 OTHER
9.670104 24 OTHER
9.670934 46 OTHER
9.674401 21 OTHER
9.667808 7 OTHER
9.698103 22 OTHER
9.666280 29 OTHER
9.701441 43 OTHER
9.698703 47 OTHER
9.700332 45 OTHER
9.669870 33 OTHER
9.697549 20 OTHER
9.692881 44 OTHER
9.689369 31 OTHER
9.690087 30 OTHER
9.692808 6 OTHER
9.718886 8 OTHER
9.726173 28 OTHER
9.725372 5 OTHER
9.736460 34 OTHER
9.730511 9 OTHER
9.758117 2 OTHER
9.752359 19 OTHER
9.721936 12 OTHER
9.731924 26 OTHER
9.775113 3 OTHER
9.748952 39 OTHER
9.741869 17 OTHER
9.743139 14 OTHER
9.720669 27 OTHER
9.720209 4 OTHER
9.730052 32 OTHER
9.729281 15 OTHER
9.722040 13 OTHER
9.730264 37 OTHER
9.745625 18 OTHER
9.758078 16 OTHER
9.766284 35 OTHER
9.729452 41 OTHER
9.757129 38 OTHER
9.736374 40 OTHER
9.749639 36 OTHER
