10.153899 1 FIFO
10.153576 6 FIFO
10.155201 0 FIFO
10.155426 2 FIFO
10.153531 4 FIFO
10.157739 3 FIFO
10.157859 5 FIFO
10.159559 7 FIFO
9.917712 8 FIFO
9.917753 9 FIFO
9.913029 15 FIFO
9.916570 12 FIFO
9.918825 10 FIFO
9.919703 13 FIFO
9.938047 11 FIFO
9.947569 14 FIFO
9.997860 19 FIFO
10.016881 18 FIFO
10.019329 20 FIFO
10.021797 17 FIFO
10.018024 21 FIFO
10.032624 16 FIFO
10.014932 22 FIFO
10.019022 23 FIFO
10.063677 24 FIFO
10.067736 26 FIFO
10.070812 25 FIFO
10.071035 27 FIFO
10.069517 28 FIFO
10.072791 29 FIFO
10.070872 30 FIFO
10.068123 31 FIFO
10.010609 32 FIFO
10.006080 34 FIFO
10.008494 36 FIFO
10.018363 33 FIFO
10.019883 35 FIFO
10.016871 37 FIFO
10.018604 38 FIFO
10.015659 39 FIFO
9.817954 40 FIFO
9.821879 41 FIFO
9.822339 42 FIFO
9.822861 44 FIFO
9.829662 43 FIFO
9.824176 46 FIFO
9.831087 45 FIFO
9.826329 47 FIFO
6.503155 48 FIFO
6.492576 49 FIFO
