9.667416 7 BATCH
9.667559 15 BATCH
9.666060 11 BATCH
9.666623 25 BATCH
9.669604 1 BATCH
9.671567 29 BATCH
9.703009 18 BATCH
9.704647 26 BATCH
9.703902 23 BATCH
9.704469 24 BATCH
9.706887 9 BATCH
9.704679 27 BATCH
9.668632 2 BATCH
9.668817 48 BATCH
9.668242 47 BATCH
9.668146 49 BATCH
9.666110 44 BATCH
9.669359 5 BATCH
9.748554 45 BATCH
9.751025 41 BATCH
9.749004 40 BATCH
9.751664 43 BATCH
9.750420 42 BATCH
9.749875 46 BATCH
9.703210 4 BATCH
9.714676 13 BATCH
9.722094 3 BATCH
9.694506 19 BATCH
9.698621 31 BATCH
9.710055 32 BATCH
9.714581 30 BATCH
9.710309 16 BATCH
9.696842 10 BATCH
9.804122 37 BATCH
9.711322 17 BATCH
9.797464 33 BATCH
9.727154 20 BATCH
9.801814 36 BATCH
9.710839 28 BATCH
9.721434 39 BATCH
9.806837 14 BATCH
9.801250 22 BATCH
9.793666 12 BATCH
9.800271 6 BATCH
9.809572 38 BATCH
9.796613 0 BATCH
9.801064 8 BATCH
9.815595 35 BATCH
9.793123 34 BATCH
9.796617 21 BATCH
