9.688004 0 OTHER
9.731321 4 OTHER
9.706355 21 OTHER
9.705898 22 OTHER
9.705911 20 OTHER
9.708442 38 OTHER
9.690228 40 OTHER
9.709448 7 OTHER
9.725415 31 OTHER
9.677941 43 OTHER
9.729636 12 OTHER
9.705285 15 OTHER
9.685765 34 OTHER
9.684654 23 OTHER
9.684715 8 OTHER
9.685233 44 OTHER
9.680969 36 OTHER
9.676734 3 OTHER
9.687693 32 OTHER
9.675437 9 OTHER
9.683086 45 OTHER
9.674135 33 OTHER
9.677370 35 OTHER
9.676850 10 OTHER
9.768628 46 OTHER
9.794187 2 OTHER
9.792664 14 OTHER
9.786602 13 OTHER
9.719500 19 OTHER
9.720432 30 OTHER
9.707965 41 OTHER
9.793894 48 OTHER
9.788652 26 OTHER
9.774870 49 OTHER
9.723731 39 OTHER
9.782818 16 OTHER
9.782229 25 OTHER
9.792487 28 OTHER
9.776532 47 OTHER
9.725235 11 OTHER
9.780769 24 OTHER
9.787092 29 OTHER
9.720180 17 OTHER
9.716666 6 OTHER
9.712757 37 OTHER
9.717862 5 OTHER
9.718449 1 OTHER
9.699291 42 OTHER
9.717439 27 OTHER
9.702626 18 OTHER
