9.691369 4 BATCH
9.687726 3 BATCH
9.695677 6 BATCH
9.691167 5 BATCH
9.687435 30 BATCH
9.690371 47 BATCH
9.688885 31 BATCH
9.692240 9 BATCH
9.687679 29 BATCH
9.687487 48 BATCH
9.692611 28 BATCH
9.698404 42 BATCH
9.706487 11 BATCH
9.711819 18 BATCH
9.710843 7 BATCH
9.711288 17 BATCH
9.712002 43 BATCH
9.729408 8 BATCH
9.720263 46 BATCH
9.728817 45 BATCH
9.730438 19 BATCH
9.733156 10 BATCH
9.733943 41 BATCH
9.734551 1 BATCH
9.727764 26 BATCH
9.720844 24 BATCH
9.726168 12 BATCH
9.756000 15 BATCH
9.741839 36 BATCH
9.721863 33 BATCH
9.721431 35 BATCH
9.736182 39 BATCH
9.733832 32 BATCH
9.717765 22 BATCH
9.727907 14 BATCH
9.722304 44 BATCH
9.721633 23 BATCH
9.725219 25 BATCH
9.725919 20 BATCH
9.724272 49 BATCH
9.722654 0 BATCH
9.729557 2 BATCH
9.719691 21 BATCH
9.745351 13 BATCH
9.723226 38 BATCH
9.727131 27 BATCH
9.736869 40 BATCH
9.756072 16 BATCH
9.743527 37 BATCH
9.764299 34 BATCH
