10.054351 5 FIFO
10.058694 4 FIFO
10.065089 6 FIFO
10.068471 3 FIFO
10.068065 7 FIFO
10.067360 0 FIFO
10.076551 1 FIFO
10.079959 2 FIFO
10.223117 12 FIFO
10.240873 8 FIFO
10.236484 9 FIFO
10.229767 10 FIFO
10.262907 15 FIFO
10.267738 14 FIFO
10.306704 11 FIFO
10.311759 13 FIFO
9.768464 17 FIFO
9.773223 18 FIFO
9.773494 19 FIFO
9.786947 16 FIFO
9.790905 21 FIFO
9.795146 20 FIFO
9.776723 23 FIFO
9.792550 22 FIFO
10.139538 25 FIFO
10.147680 24 FIFO
10.145124 26 FIFO
10.162748 27 FIFO
10.165333 29 FIFO
10.171943 28 FIFO
10.149852 30 FIFO
10.166389 31 FIFO
10.079743 32 FIFO
10.080181 33 FIFO
10.089632 34 FIFO
10.095684 35 FIFO
10.098806 38 FIFO
10.112700 36 FIFO
10.112177 37 FIFO
10.105246 39 FIFO
10.415461 41 FIFO
10.422648 40 FIFO
10.425729 42 FIFO
10.443668 43 FIFO
10.411214 44 FIFO
10.394728 47 FIFO
10.453627 45 FIFO
10.442321 46 FIFO
6.539265 48 FIFO
6.552836 49 FIFO
