9.946714 4 FIFO
9.947174 6 FIFO
9.949923 5 FIFO
9.953670 7 FIFO
9.964005 0 FIFO
9.968207 2 FIFO
9.971295 3 FIFO
9.972693 1 FIFO
10.137450 8 FIFO
10.134594 10 FIFO
10.138129 11 FIFO
10.157305 9 FIFO
10.141744 14 FIFO
10.150555 12 FIFO
10.148718 15 FIFO
10.154539 13 FIFO
10.067921 16 FIFO
10.074338 17 FIFO
10.065662 18 FIFO
10.080576 19 FIFO
10.101507 20 FIFO
10.113429 21 FIFO
10.106643 23 FIFO
10.109354 22 FIFO
10.143354 24 FIFO
10.147591 25 FIFO
10.157160 26 FIFO
10.153169 27 FIFO
10.166240 28 FIFO
10.164793 29 FIFO
10.170477 30 FIFO
10.178158 31 FIFO
9.950735 32 FIFO
9.953729 33 FIFO
9.963093 34 FIFO
9.967715 35 FIFO
9.991567 36 FIFO
9.989737 37 FIFO
9.996333 38 FIFO
10.001135 39 FIFO
9.975778 40 FIFO
9.965932 41 FIFO
9.969183 42 FIFO
9.966100 43 FIFO
9.942399 44 FIFO
9.934486 45 FIFO
9.967261 46 FIFO
9.959848 47 FIFO
6.584065 49 FIFO
6.592685 48 FIFO
