9.690323 4 OTHER
9.699522 0 OTHER
9.701372 5 OTHER
9.700384 38 OTHER
9.703490 41 OTHER
9.701944 1 OTHER
9.689555 7 OTHER
9.705316 20 OTHER
9.697976 21 OTHER
9.700244 22 OTHER
9.746279 11 OTHER
9.691930 6 OTHER
9.674195 17 OTHER
9.694149 19 OTHER
9.675722 27 OTHER
9.672847 26 OTHER
9.675312 39 OTHER
9.675391 42 OTHER
9.735062 15 OTHER
9.697106 45 OTHER
9.689611 28 OTHER
9.677453 37 OTHER
9.691466 40 OTHER
9.692743 10 OTHER
9.694844 29 OTHER
9.747573 35 OTHER
9.710977 18 OTHER
9.750533 14 OTHER
9.736648 46 OTHER
9.748119 34 OTHER
9.721475 24 OTHER
9.708096 36 OTHER
9.721684 23 OTHER
9.719448 2 OTHER
9.737549 25 OTHER
9.747522 32 OTHER
9.751036 33 OTHER
9.716527 9 OTHER
9.752493 49 OTHER
9.744797 12 OTHER
9.747445 3 OTHER
9.741688 47 OTHER
9.750479 8 OTHER
9.748053 48 OTHER
9.733900 16 OTHER
9.740605 43 OTHER
9.749529 30 OTHER
9.723106 31 OTHER
9.717607 13 OTHER
9.716217 44 OTHER
