9.684867 11 BATCH
9.682702 12 BATCH
9.679131 1 BATCH
9.681955 24 BATCH
9.680937 25 BATCH
9.685193 7 BATCH
9.682812 22 BATCH
9.683356 23 BATCH
9.678816 8 BATCH
9.678619 47 BATCH
9.750354 17 BATCH
9.677964 36 BATCH
9.750831 18 BATCH
9.679928 44 BATCH
9.722496 9 BATCH
9.724087 13 BATCH
9.720525 2 BATCH
9.747491 27 BATCH
9.749321 26 BATCH
9.748275 10 BATCH
9.750280 38 BATCH
9.720495 37 BATCH
9.721820 3 BATCH
9.723783 39 BATCH
9.797288 30 BATCH
9.676472 14 BATCH
9.679935 46 BATCH
9.760946 43 BATCH
9.752684 34 BATCH
9.766575 31 BATCH
9.687377 0 BATCH
9.679221 16 BATCH
9.681941 49 BATCH
9.677503 6 BATCH
9.772730 42 BATCH
9.758782 41 BATCH
9.683733 20 BATCH
9.680368 5 BATCH
9.682683 15 BATCH
9.680907 48 BATCH
9.682751 45 BATCH
9.683322 19 BATCH
9.762115 32 BATCH
9.675308 21 BATCH
9.776944 33 BATCH
9.754931 29 BATCH
9.752317 35 BATCH
9.765405 28 BATCH
9.723111 40 BATCH
9.731944 4 BATCH
